TN:
SF:app\api\education\route.ts
FN:11,GET
FN:44,POST
FNF:2
FNH:2
FNDA:8,GET
FNDA:8,POST
DA:12,8
DA:13,8
DA:14,8
DA:16,8
DA:17,2
DA:18,2
DA:21,6
DA:22,2
DA:23,2
DA:26,4
DA:27,1
DA:28,1
DA:32,3
DA:38,2
DA:40,1
DA:45,8
DA:46,8
DA:47,8
DA:49,8
DA:50,3
DA:51,1
DA:54,5
DA:55,3
DA:56,1
DA:59,2
DA:64,4
LF:26
LH:26
BRDA:16,0,0,2
BRDA:16,0,1,6
BRDA:21,1,0,2
BRDA:21,1,1,4
BRDA:26,2,0,1
BRDA:26,2,1,3
BRDA:49,3,0,3
BRDA:49,3,1,5
BRDA:54,4,0,3
BRDA:54,4,1,2
BRF:10
BRH:10
end_of_record
TN:
SF:app\api\testimonials\route.ts
FN:11,GET
FN:20,POST
FNF:2
FNH:2
FNDA:3,GET
FNDA:6,POST
DA:12,3
DA:13,3
DA:14,2
DA:16,1
DA:21,6
DA:22,6
DA:24,6
DA:34,2
DA:36,4
LF:9
LH:9
BRF:0
BRH:0
end_of_record
TN:
SF:app\api\testimonials\[id]\route.ts
FN:11,GET
FN:28,DELETE
FNF:2
FNH:2
FNDA:3,GET
FNDA:2,DELETE
DA:12,3
DA:13,3
DA:15,2
DA:16,1
DA:22,1
DA:24,1
DA:29,2
DA:30,2
DA:31,1
DA:33,1
LF:10
LH:10
BRDA:15,0,0,1
BRDA:15,0,1,1
BRF:2
BRH:2
end_of_record
