{
  "stats": {
    "suites": 8,
    "tests": 45,
    "passes": 39,
    "pending": 1,
    "failures": 5,
    "start": "2026-06-02T04:19:41.138Z",
    "end": "2026-06-02T04:22:01.166Z",
    "duration": 140028,
    "testsRegistered": 95,
    "passPercent": 41.48936170212766,
    "pendingPercent": 1.0526315789473684,
    "other": 4,
    "hasOther": true,
    "skipped": 50,
    "hasSkipped": true
  },
  "results": [
    {
      "uuid": "b33e9527-0929-4513-9e87-e0b5b0190bbc",
      "title": "",
      "fullFile": "",
      "file": "",
      "beforeHooks": [
        {
          "title": "\"before all\" hook: beforeAll in \"{root}\"",
          "fullTitle": "\"before all\" hook: beforeAll in \"{root}\"",
          "timedOut": false,
          "duration": 151,
          "state": null,
          "speed": null,
          "pass": false,
          "fail": false,
          "pending": false,
          "context": null,
          "code": "await checkServerIsRunning();",
          "err": {},
          "uuid": "26c8a03d-b398-41ec-a7af-0045c3d9fcd6",
          "parentUUID": "b33e9527-0929-4513-9e87-e0b5b0190bbc",
          "isHook": true,
          "skipped": false
        }
      ],
      "afterHooks": [],
      "tests": [],
      "suites": [
        {
          "uuid": "f8bf3ad0-2715-4b04-a3fe-c32d49f074da",
          "title": "01 — Navegación entre páginas (Sidebar)",
          "fullFile": "C:\\Users\\carot\\Documents\\Project-Semestre-7\\Desarrollo-Proyecto-Buenos-habitos-Alimenticios\\e2e\\tests\\01_navigation.test.js",
          "file": "\\tests\\01_navigation.test.js",
          "beforeHooks": [
            {
              "title": "\"before all\" hook for \"carga la aplicación y muestra la página de Inicio por defecto\"",
              "fullTitle": "01 — Navegación entre páginas (Sidebar) \"before all\" hook for \"carga la aplicación y muestra la página de Inicio por defecto\"",
              "timedOut": false,
              "duration": 21128,
              "state": "failed",
              "speed": null,
              "pass": false,
              "fail": true,
              "pending": false,
              "context": null,
              "code": "driver = await createDriver();\nnav = new NavigationPage(driver);\nhome = new HomePage(driver);\nawait nav.navigateToHome();\nawait home.waitForPageLoad();",
              "err": {
                "message": "TimeoutError: Waiting for element to be located By(xpath, //h1[contains(., 'Nutrici')])\nWait timed out after 15119ms",
                "estack": "TimeoutError: Waiting for element to be located By(xpath, //h1[contains(., 'Nutrici')])\nWait timed out after 15119ms\n    at C:\\Users\\carot\\Documents\\Project-Semestre-7\\Desarrollo-Proyecto-Buenos-habitos-Alimenticios\\e2e\\node_modules\\selenium-webdriver\\lib\\webdriver.js:929:22\n    at process.processTicksAndRejections (node:internal/process/task_queues:104:5)",
                "diff": null
              },
              "uuid": "e68fe9b9-d333-4e46-aa1b-d71f53dd21d1",
              "parentUUID": "f8bf3ad0-2715-4b04-a3fe-c32d49f074da",
              "isHook": true,
              "skipped": false
            }
          ],
          "afterHooks": [
            {
              "title": "\"after all\" hook in \"01 — Navegación entre páginas (Sidebar)\"",
              "fullTitle": "01 — Navegación entre páginas (Sidebar) \"after all\" hook in \"01 — Navegación entre páginas (Sidebar)\"",
              "timedOut": false,
              "duration": 479,
              "state": null,
              "speed": null,
              "pass": false,
              "fail": false,
              "pending": false,
              "context": null,
              "code": "if (driver) await driver.quit();",
              "err": {},
              "uuid": "6021413e-78eb-4f4d-9e67-9800fe586160",
              "parentUUID": "f8bf3ad0-2715-4b04-a3fe-c32d49f074da",
              "isHook": true,
              "skipped": false
            },
            {
              "title": "\"after each\" hook",
              "fullTitle": "01 — Navegación entre páginas (Sidebar) \"after each\" hook",
              "timedOut": false,
              "duration": 0,
              "state": null,
              "speed": null,
              "pass": false,
              "fail": false,
              "pending": false,
              "context": null,
              "code": "if (this.currentTest.state === \"failed\") {\n  await takeScreenshot(driver, this.currentTest.fullTitle());\n}",
              "err": {},
              "uuid": "cf2ac7b2-763c-47b3-8bcb-d4e5181d7ff4",
              "parentUUID": "f8bf3ad0-2715-4b04-a3fe-c32d49f074da",
              "isHook": true,
              "skipped": false
            }
          ],
          "tests": [
            {
              "title": "carga la aplicación y muestra la página de Inicio por defecto",
              "fullTitle": "01 — Navegación entre páginas (Sidebar) carga la aplicación y muestra la página de Inicio por defecto",
              "timedOut": false,
              "duration": 0,
              "state": null,
              "speed": null,
              "pass": false,
              "fail": false,
              "pending": false,
              "context": null,
              "code": "const visible = await nav.isSidebarVisible();\nexpect(visible).to.be.true;\nconst h1 = await home.getHeroTitle();\nexpect(h1).to.include(\"Nutrici\");",
              "err": {},
              "uuid": "813cd011-3c3b-4c81-82f0-b08d13886187",
              "parentUUID": "f8bf3ad0-2715-4b04-a3fe-c32d49f074da",
              "isHook": false,
              "skipped": true
            },
            {
              "title": "el sidebar está siempre visible",
              "fullTitle": "01 — Navegación entre páginas (Sidebar) el sidebar está siempre visible",
              "timedOut": false,
              "duration": 0,
              "state": null,
              "speed": null,
              "pass": false,
              "fail": false,
              "pending": false,
              "context": null,
              "code": "expect(await nav.isSidebarVisible()).to.be.true;",
              "err": {},
              "uuid": "042c7001-195f-41f6-8701-c078aa40ba7c",
              "parentUUID": "f8bf3ad0-2715-4b04-a3fe-c32d49f074da",
              "isHook": false,
              "skipped": true
            },
            {
              "title": "el header está siempre visible",
              "fullTitle": "01 — Navegación entre páginas (Sidebar) el header está siempre visible",
              "timedOut": false,
              "duration": 0,
              "state": null,
              "speed": null,
              "pass": false,
              "fail": false,
              "pending": false,
              "context": null,
              "code": "expect(await nav.isHeaderVisible()).to.be.true;",
              "err": {},
              "uuid": "3a49054c-4d3b-4a0c-b2ca-8fc2ff18cbb7",
              "parentUUID": "f8bf3ad0-2715-4b04-a3fe-c32d49f074da",
              "isHook": false,
              "skipped": true
            },
            {
              "title": "navega a Recetas Saludables desde el sidebar",
              "fullTitle": "01 — Navegación entre páginas (Sidebar) navega a Recetas Saludables desde el sidebar",
              "timedOut": false,
              "duration": 0,
              "state": null,
              "speed": null,
              "pass": false,
              "fail": false,
              "pending": false,
              "context": null,
              "code": "await nav.goToRecipes();\nconst hasH1 = await home.hasH1Containing(\"Recetas\");\nexpect(hasH1).to.be.true;",
              "err": {},
              "uuid": "e8df3142-5885-41ec-bd1b-1ac81bcfb931",
              "parentUUID": "f8bf3ad0-2715-4b04-a3fe-c32d49f074da",
              "isHook": false,
              "skipped": true
            },
            {
              "title": "el botón de Recetas queda activo tras la navegación",
              "fullTitle": "01 — Navegación entre páginas (Sidebar) el botón de Recetas queda activo tras la navegación",
              "timedOut": false,
              "duration": 0,
              "state": null,
              "speed": null,
              "pass": false,
              "fail": false,
              "pending": false,
              "context": null,
              "code": "expect(await nav.isNavButtonActive(\"Recetas\")).to.be.true;",
              "err": {},
              "uuid": "f291d565-5138-4f6f-a8c0-7ac1f573c391",
              "parentUUID": "f8bf3ad0-2715-4b04-a3fe-c32d49f074da",
              "isHook": false,
              "skipped": true
            },
            {
              "title": "navega a Alerta y Concientización desde el sidebar",
              "fullTitle": "01 — Navegación entre páginas (Sidebar) navega a Alerta y Concientización desde el sidebar",
              "timedOut": false,
              "duration": 0,
              "state": null,
              "speed": null,
              "pass": false,
              "fail": false,
              "pending": false,
              "context": null,
              "code": "await nav.goToAlerts();\nconst hasH1 = await home.hasH1Containing(\"Alerta\");\nexpect(hasH1).to.be.true;",
              "err": {},
              "uuid": "305c57d0-1080-48a9-acae-6664b7f51104",
              "parentUUID": "f8bf3ad0-2715-4b04-a3fe-c32d49f074da",
              "isHook": false,
              "skipped": true
            },
            {
              "title": "el botón de Alertas queda activo tras la navegación",
              "fullTitle": "01 — Navegación entre páginas (Sidebar) el botón de Alertas queda activo tras la navegación",
              "timedOut": false,
              "duration": 0,
              "state": null,
              "speed": null,
              "pass": false,
              "fail": false,
              "pending": false,
              "context": null,
              "code": "expect(await nav.isNavButtonActive(\"Alerta\")).to.be.true;",
              "err": {},
              "uuid": "0fae7272-f70a-49aa-bb35-38479a35fa72",
              "parentUUID": "f8bf3ad0-2715-4b04-a3fe-c32d49f074da",
              "isHook": false,
              "skipped": true
            },
            {
              "title": "navega a Guías de Educación desde el sidebar",
              "fullTitle": "01 — Navegación entre páginas (Sidebar) navega a Guías de Educación desde el sidebar",
              "timedOut": false,
              "duration": 0,
              "state": null,
              "speed": null,
              "pass": false,
              "fail": false,
              "pending": false,
              "context": null,
              "code": "await nav.goToEducation();\nconst hasH1 = await home.hasH1Containing(\"Educaci\");\nexpect(hasH1).to.be.true;",
              "err": {},
              "uuid": "385c4cc3-81d5-450b-94bb-9c54f1475acb",
              "parentUUID": "f8bf3ad0-2715-4b04-a3fe-c32d49f074da",
              "isHook": false,
              "skipped": true
            },
            {
              "title": "el botón de Educación queda activo tras la navegación",
              "fullTitle": "01 — Navegación entre páginas (Sidebar) el botón de Educación queda activo tras la navegación",
              "timedOut": false,
              "duration": 0,
              "state": null,
              "speed": null,
              "pass": false,
              "fail": false,
              "pending": false,
              "context": null,
              "code": "expect(await nav.isNavButtonActive(\"Guías\")).to.be.true;",
              "err": {},
              "uuid": "c5f737fa-de8f-481c-9340-cb890ce77475",
              "parentUUID": "f8bf3ad0-2715-4b04-a3fe-c32d49f074da",
              "isHook": false,
              "skipped": true
            },
            {
              "title": "regresa a Inicio desde el sidebar",
              "fullTitle": "01 — Navegación entre páginas (Sidebar) regresa a Inicio desde el sidebar",
              "timedOut": false,
              "duration": 0,
              "state": null,
              "speed": null,
              "pass": false,
              "fail": false,
              "pending": false,
              "context": null,
              "code": "await nav.goToHome();\nconst h1 = await home.getHeroTitle();\nexpect(h1).to.include(\"Nutrici\");",
              "err": {},
              "uuid": "d07af324-8880-4054-b99c-07cb3ff3e277",
              "parentUUID": "f8bf3ad0-2715-4b04-a3fe-c32d49f074da",
              "isHook": false,
              "skipped": true
            },
            {
              "title": "el botón de Inicio queda activo tras volver al home",
              "fullTitle": "01 — Navegación entre páginas (Sidebar) el botón de Inicio queda activo tras volver al home",
              "timedOut": false,
              "duration": 0,
              "state": null,
              "speed": null,
              "pass": false,
              "fail": false,
              "pending": false,
              "context": null,
              "code": "expect(await nav.isNavButtonActive(\"Inicio\")).to.be.true;",
              "err": {},
              "uuid": "aa8bec20-c92f-4db3-8fd6-9ef4af1d5897",
              "parentUUID": "f8bf3ad0-2715-4b04-a3fe-c32d49f074da",
              "isHook": false,
              "skipped": true
            },
            {
              "title": "puede navegar: Inicio → Recetas → Alertas → Educación → Inicio",
              "fullTitle": "01 — Navegación entre páginas (Sidebar) puede navegar: Inicio → Recetas → Alertas → Educación → Inicio",
              "timedOut": false,
              "duration": 0,
              "state": null,
              "speed": null,
              "pass": false,
              "fail": false,
              "pending": false,
              "context": null,
              "code": "await nav.goToHome();\nawait nav.goToRecipes();\nawait nav.goToAlerts();\nawait nav.goToEducation();\nawait nav.goToHome();\nconst h1 = await home.getHeroTitle();\nexpect(h1).to.include(\"Nutrici\");",
              "err": {},
              "uuid": "211ca918-5e02-4470-b7b6-ac8a6f75061f",
              "parentUUID": "f8bf3ad0-2715-4b04-a3fe-c32d49f074da",
              "isHook": false,
              "skipped": true
            },
            {
              "title": "la URL permanece igual durante toda la navegación (SPA)",
              "fullTitle": "01 — Navegación entre páginas (Sidebar) la URL permanece igual durante toda la navegación (SPA)",
              "timedOut": false,
              "duration": 0,
              "state": null,
              "speed": null,
              "pass": false,
              "fail": false,
              "pending": false,
              "context": null,
              "code": "const baseUrl = require(\"../config/env\").BASE_URL;\nconst currentUrl = await nav.getCurrentUrl();\nexpect(currentUrl).to.equal(`${baseUrl}/`);",
              "err": {},
              "uuid": "d30cf3c0-ff9a-4948-b588-fbe8dda3d1c5",
              "parentUUID": "f8bf3ad0-2715-4b04-a3fe-c32d49f074da",
              "isHook": false,
              "skipped": true
            }
          ],
          "suites": [],
          "passes": [],
          "failures": [],
          "pending": [],
          "skipped": [
            "813cd011-3c3b-4c81-82f0-b08d13886187",
            "042c7001-195f-41f6-8701-c078aa40ba7c",
            "3a49054c-4d3b-4a0c-b2ca-8fc2ff18cbb7",
            "e8df3142-5885-41ec-bd1b-1ac81bcfb931",
            "f291d565-5138-4f6f-a8c0-7ac1f573c391",
            "305c57d0-1080-48a9-acae-6664b7f51104",
            "0fae7272-f70a-49aa-bb35-38479a35fa72",
            "385c4cc3-81d5-450b-94bb-9c54f1475acb",
            "c5f737fa-de8f-481c-9340-cb890ce77475",
            "d07af324-8880-4054-b99c-07cb3ff3e277",
            "aa8bec20-c92f-4db3-8fd6-9ef4af1d5897",
            "211ca918-5e02-4470-b7b6-ac8a6f75061f",
            "d30cf3c0-ff9a-4948-b588-fbe8dda3d1c5"
          ],
          "duration": 0,
          "root": false,
          "rootEmpty": false,
          "_timeout": 30000
        },
        {
          "uuid": "d332b2ab-b926-4c5d-8a77-242275580879",
          "title": "02 — Página de Inicio",
          "fullFile": "C:\\Users\\carot\\Documents\\Project-Semestre-7\\Desarrollo-Proyecto-Buenos-habitos-Alimenticios\\e2e\\tests\\02_home_page.test.js",
          "file": "\\tests\\02_home_page.test.js",
          "beforeHooks": [
            {
              "title": "\"before all\" hook for \"muestra el título principal de la aplicación\"",
              "fullTitle": "02 — Página de Inicio \"before all\" hook for \"muestra el título principal de la aplicación\"",
              "timedOut": false,
              "duration": 18730,
              "state": "failed",
              "speed": null,
              "pass": false,
              "fail": true,
              "pending": false,
              "context": null,
              "code": "driver = await createDriver();\nhome = new HomePage(driver);\nnav = new NavigationPage(driver);\nawait nav.navigateToHome();\nawait home.waitForPageLoad();",
              "err": {
                "message": "TimeoutError: Waiting for element to be located By(xpath, //h1[contains(., 'Nutrici')])\nWait timed out after 15068ms",
                "estack": "TimeoutError: Waiting for element to be located By(xpath, //h1[contains(., 'Nutrici')])\nWait timed out after 15068ms\n    at C:\\Users\\carot\\Documents\\Project-Semestre-7\\Desarrollo-Proyecto-Buenos-habitos-Alimenticios\\e2e\\node_modules\\selenium-webdriver\\lib\\webdriver.js:929:22\n    at process.processTicksAndRejections (node:internal/process/task_queues:104:5)",
                "diff": null
              },
              "uuid": "5f9e7720-b77b-4302-b858-d9cd7ffeb833",
              "parentUUID": "d332b2ab-b926-4c5d-8a77-242275580879",
              "isHook": true,
              "skipped": false
            }
          ],
          "afterHooks": [
            {
              "title": "\"after all\" hook in \"02 — Página de Inicio\"",
              "fullTitle": "02 — Página de Inicio \"after all\" hook in \"02 — Página de Inicio\"",
              "timedOut": false,
              "duration": 176,
              "state": null,
              "speed": null,
              "pass": false,
              "fail": false,
              "pending": false,
              "context": null,
              "code": "if (driver) await driver.quit();",
              "err": {},
              "uuid": "541eb12b-a419-4da7-a4be-a6233430e400",
              "parentUUID": "d332b2ab-b926-4c5d-8a77-242275580879",
              "isHook": true,
              "skipped": false
            },
            {
              "title": "\"after each\" hook",
              "fullTitle": "02 — Página de Inicio \"after each\" hook",
              "timedOut": false,
              "duration": 0,
              "state": null,
              "speed": null,
              "pass": false,
              "fail": false,
              "pending": false,
              "context": null,
              "code": "if (this.currentTest.state === \"failed\") {\n  await takeScreenshot(driver, this.currentTest.fullTitle());\n}",
              "err": {},
              "uuid": "3fd53772-23be-437a-8b2f-534b62e15eb7",
              "parentUUID": "d332b2ab-b926-4c5d-8a77-242275580879",
              "isHook": true,
              "skipped": false
            }
          ],
          "tests": [
            {
              "title": "muestra el título principal de la aplicación",
              "fullTitle": "02 — Página de Inicio muestra el título principal de la aplicación",
              "timedOut": false,
              "duration": 0,
              "state": null,
              "speed": null,
              "pass": false,
              "fail": false,
              "pending": false,
              "context": null,
              "code": "const title = await home.getHeroTitle();\nexpect(title).to.not.be.empty;\nexpect(title).to.include(\"Nutrici\");",
              "err": {},
              "uuid": "a6baee8c-9d73-43b7-a393-4ebaaf6ec16c",
              "parentUUID": "d332b2ab-b926-4c5d-8a77-242275580879",
              "isHook": false,
              "skipped": true
            },
            {
              "title": "muestra los botones de llamada a la acción (CTA)",
              "fullTitle": "02 — Página de Inicio muestra los botones de llamada a la acción (CTA)",
              "timedOut": false,
              "duration": 0,
              "state": null,
              "speed": null,
              "pass": false,
              "fail": false,
              "pending": false,
              "context": null,
              "code": "const ctaStart = await home.isVisible(home.ctaStartButton);\nconst ctaVideos = await home.isVisible(home.ctaVideosButton);\n// Al menos uno de los CTAs debe estar visible\nexpect(ctaStart || ctaVideos).to.be.true;",
              "err": {},
              "uuid": "b9979195-1ccd-489d-8b8f-2f0b0af9e10b",
              "parentUUID": "d332b2ab-b926-4c5d-8a77-242275580879",
              "isHook": false,
              "skipped": true
            },
            {
              "title": "muestra la sección de testimonios",
              "fullTitle": "02 — Página de Inicio muestra la sección de testimonios",
              "timedOut": false,
              "duration": 0,
              "state": null,
              "speed": null,
              "pass": false,
              "fail": false,
              "pending": false,
              "context": null,
              "code": "const visible = await home.isVisible(\n  By.xpath(\"//section[.//button[contains(., 'Comparte')]] | //div[.//button[contains(., 'Comparte')]]\")\n);\nexpect(visible).to.be.true;",
              "err": {},
              "uuid": "6fdf406d-d134-4eef-a986-fbf2338a10a6",
              "parentUUID": "d332b2ab-b926-4c5d-8a77-242275580879",
              "isHook": false,
              "skipped": true
            },
            {
              "title": "muestra al menos un testimonio de ejemplo",
              "fullTitle": "02 — Página de Inicio muestra al menos un testimonio de ejemplo",
              "timedOut": false,
              "duration": 0,
              "state": null,
              "speed": null,
              "pass": false,
              "fail": false,
              "pending": false,
              "context": null,
              "code": "// Los testimonios de ejemplo siempre están en el estado inicial\nconst visible = await home.isVisible(\n  By.xpath(\"//*[contains(., 'María González') or contains(., 'Carlos López')]\")\n);\nexpect(visible).to.be.true;",
              "err": {},
              "uuid": "e918910c-4794-4b64-8140-407f291ff47c",
              "parentUUID": "d332b2ab-b926-4c5d-8a77-242275580879",
              "isHook": false,
              "skipped": true
            },
            {
              "title": "el botón 'Comparte tu Historia' está visible",
              "fullTitle": "02 — Página de Inicio el botón 'Comparte tu Historia' está visible",
              "timedOut": false,
              "duration": 0,
              "state": null,
              "speed": null,
              "pass": false,
              "fail": false,
              "pending": false,
              "context": null,
              "code": "const visible = await home.isShareStoryButtonVisible();\nexpect(visible).to.be.true;",
              "err": {},
              "uuid": "e1307d5f-ef64-4213-bff5-ee42ff2c1a79",
              "parentUUID": "d332b2ab-b926-4c5d-8a77-242275580879",
              "isHook": false,
              "skipped": true
            },
            {
              "title": "muestra estadísticas de la plataforma",
              "fullTitle": "02 — Página de Inicio muestra estadísticas de la plataforma",
              "timedOut": false,
              "duration": 0,
              "state": null,
              "speed": null,
              "pass": false,
              "fail": false,
              "pending": false,
              "context": null,
              "code": "// La página muestra métricas como familias beneficiadas, etc.\nconst hasStats = await home.isVisible(\n  By.xpath(\"//*[contains(., 'Familias') or contains(., 'familias') or contains(., 'familia')]\")\n);\nexpect(hasStats).to.be.true;",
              "err": {},
              "uuid": "76f25c5c-4c8e-414f-95c4-da414e43346f",
              "parentUUID": "d332b2ab-b926-4c5d-8a77-242275580879",
              "isHook": false,
              "skipped": true
            },
            {
              "title": "abre el modal al hacer clic en 'Comparte tu Historia'",
              "fullTitle": "02 — Página de Inicio abre el modal al hacer clic en 'Comparte tu Historia'",
              "timedOut": false,
              "duration": 0,
              "state": null,
              "speed": null,
              "pass": false,
              "fail": false,
              "pending": false,
              "context": null,
              "code": "await home.openShareStoryModal();\nconst modalVisible = await home.isVisible(\n  By.xpath(\"//h2[contains(., 'Comparte tu Historia')]\")\n);\nexpect(modalVisible).to.be.true;",
              "err": {},
              "uuid": "abdfd069-28e3-463c-8aaa-39f36f64fb34",
              "parentUUID": "d332b2ab-b926-4c5d-8a77-242275580879",
              "isHook": false,
              "skipped": true
            },
            {
              "title": "el modal se puede cerrar con el botón X",
              "fullTitle": "02 — Página de Inicio el modal se puede cerrar con el botón X",
              "timedOut": false,
              "duration": 0,
              "state": null,
              "speed": null,
              "pass": false,
              "fail": false,
              "pending": false,
              "context": null,
              "code": "// Cerrar el modal abierto en el test anterior\nconst closeBtn = await home.find(\n  By.xpath(\n    \"//div[contains(@class,'sticky')]//button[.//*[name()='svg']]\"\n  )\n);\nawait closeBtn.click();\nconst modalGone = !(await home.isVisible(\n  By.xpath(\"//h2[contains(., 'Comparte tu Historia')]\")\n));\nexpect(modalGone).to.be.true;",
              "err": {},
              "uuid": "b824a2a8-877a-4eb6-bcb6-3f362939d6f3",
              "parentUUID": "d332b2ab-b926-4c5d-8a77-242275580879",
              "isHook": false,
              "skipped": true
            }
          ],
          "suites": [],
          "passes": [],
          "failures": [],
          "pending": [],
          "skipped": [
            "a6baee8c-9d73-43b7-a393-4ebaaf6ec16c",
            "b9979195-1ccd-489d-8b8f-2f0b0af9e10b",
            "6fdf406d-d134-4eef-a986-fbf2338a10a6",
            "e918910c-4794-4b64-8140-407f291ff47c",
            "e1307d5f-ef64-4213-bff5-ee42ff2c1a79",
            "76f25c5c-4c8e-414f-95c4-da414e43346f",
            "abdfd069-28e3-463c-8aaa-39f36f64fb34",
            "b824a2a8-877a-4eb6-bcb6-3f362939d6f3"
          ],
          "duration": 0,
          "root": false,
          "rootEmpty": false,
          "_timeout": 30000
        },
        {
          "uuid": "049c92cb-5c4a-4b6f-99cd-a46f7a579dd9",
          "title": "03 — Modal Comparte tu Historia (Testimonio)",
          "fullFile": "C:\\Users\\carot\\Documents\\Project-Semestre-7\\Desarrollo-Proyecto-Buenos-habitos-Alimenticios\\e2e\\tests\\03_share_story_modal.test.js",
          "file": "\\tests\\03_share_story_modal.test.js",
          "beforeHooks": [
            {
              "title": "\"before all\" hook for \"el modal se abre al hacer clic en 'Comparte tu Historia'\"",
              "fullTitle": "03 — Modal Comparte tu Historia (Testimonio) \"before all\" hook for \"el modal se abre al hacer clic en 'Comparte tu Historia'\"",
              "timedOut": false,
              "duration": 18713,
              "state": "failed",
              "speed": null,
              "pass": false,
              "fail": true,
              "pending": false,
              "context": null,
              "code": "driver = await createDriver();\nnav = new NavigationPage(driver);\nhome = new HomePage(driver);\nmodal = new ShareStoryModal(driver);\nawait nav.navigateToHome();\nawait home.waitForPageLoad();",
              "err": {
                "message": "TimeoutError: Waiting for element to be located By(xpath, //h1[contains(., 'Nutrici')])\nWait timed out after 15216ms",
                "estack": "TimeoutError: Waiting for element to be located By(xpath, //h1[contains(., 'Nutrici')])\nWait timed out after 15216ms\n    at C:\\Users\\carot\\Documents\\Project-Semestre-7\\Desarrollo-Proyecto-Buenos-habitos-Alimenticios\\e2e\\node_modules\\selenium-webdriver\\lib\\webdriver.js:929:22\n    at process.processTicksAndRejections (node:internal/process/task_queues:104:5)",
                "diff": null
              },
              "uuid": "82367729-1942-4922-b076-df7d43af4121",
              "parentUUID": "049c92cb-5c4a-4b6f-99cd-a46f7a579dd9",
              "isHook": true,
              "skipped": false
            }
          ],
          "afterHooks": [
            {
              "title": "\"after all\" hook in \"03 — Modal Comparte tu Historia (Testimonio)\"",
              "fullTitle": "03 — Modal Comparte tu Historia (Testimonio) \"after all\" hook in \"03 — Modal Comparte tu Historia (Testimonio)\"",
              "timedOut": false,
              "duration": 108,
              "state": null,
              "speed": null,
              "pass": false,
              "fail": false,
              "pending": false,
              "context": null,
              "code": "if (driver) await driver.quit();",
              "err": {},
              "uuid": "f3b5f5b8-9e01-42e4-adcc-ae0d095c2b86",
              "parentUUID": "049c92cb-5c4a-4b6f-99cd-a46f7a579dd9",
              "isHook": true,
              "skipped": false
            },
            {
              "title": "\"after each\" hook",
              "fullTitle": "03 — Modal Comparte tu Historia (Testimonio) \"after each\" hook",
              "timedOut": false,
              "duration": 0,
              "state": null,
              "speed": null,
              "pass": false,
              "fail": false,
              "pending": false,
              "context": null,
              "code": "if (this.currentTest.state === \"failed\") {\n  await takeScreenshot(driver, this.currentTest.fullTitle());\n}\n// Si el modal quedó abierto después de un test, cerrarlo\nif (await modal.isOpen()) {\n  try {\n    await modal.cancel();\n  } catch {\n    // El modal puede haberse cerrado automáticamente\n  }\n}",
              "err": {},
              "uuid": "2de5b84b-1269-4a05-9e1d-16d5e137956c",
              "parentUUID": "049c92cb-5c4a-4b6f-99cd-a46f7a579dd9",
              "isHook": true,
              "skipped": false
            }
          ],
          "tests": [
            {
              "title": "el modal se abre al hacer clic en 'Comparte tu Historia'",
              "fullTitle": "03 — Modal Comparte tu Historia (Testimonio) el modal se abre al hacer clic en 'Comparte tu Historia'",
              "timedOut": false,
              "duration": 0,
              "state": null,
              "speed": null,
              "pass": false,
              "fail": false,
              "pending": false,
              "context": null,
              "code": "await home.openShareStoryModal();\nexpect(await modal.isOpen()).to.be.true;",
              "err": {},
              "uuid": "e3eb3260-5fd2-4374-84f7-1cb6a0673e8a",
              "parentUUID": "049c92cb-5c4a-4b6f-99cd-a46f7a579dd9",
              "isHook": false,
              "skipped": true
            },
            {
              "title": "el modal se cierra al hacer clic en 'Cancelar'",
              "fullTitle": "03 — Modal Comparte tu Historia (Testimonio) el modal se cierra al hacer clic en 'Cancelar'",
              "timedOut": false,
              "duration": 0,
              "state": null,
              "speed": null,
              "pass": false,
              "fail": false,
              "pending": false,
              "context": null,
              "code": "if (!(await modal.isOpen())) await home.openShareStoryModal();\nawait modal.cancel();\nawait modal.waitForClose();\nexpect(await modal.isOpen()).to.be.false;",
              "err": {},
              "uuid": "fbc81d28-737f-4207-8437-76c8f20773a0",
              "parentUUID": "049c92cb-5c4a-4b6f-99cd-a46f7a579dd9",
              "isHook": false,
              "skipped": true
            },
            {
              "title": "el modal se cierra al hacer clic en el botón X",
              "fullTitle": "03 — Modal Comparte tu Historia (Testimonio) el modal se cierra al hacer clic en el botón X",
              "timedOut": false,
              "duration": 0,
              "state": null,
              "speed": null,
              "pass": false,
              "fail": false,
              "pending": false,
              "context": null,
              "code": "await home.openShareStoryModal();\nexpect(await modal.isOpen()).to.be.true;\n// Clic en el botón de cerrar (X)\nconst closeBtn = await modal.find(\n  modal.closeButton\n).catch(() =>\n  modal.find(\n    require(\"selenium-webdriver\").By.xpath(\n      \"//div[contains(@class,'sticky')]//button\"\n    )\n  )\n);\nawait closeBtn.click();\nawait modal.waitForClose();\nexpect(await modal.isOpen()).to.be.false;",
              "err": {},
              "uuid": "e4a32de7-9fb4-4b10-990a-9f64f2965406",
              "parentUUID": "049c92cb-5c4a-4b6f-99cd-a46f7a579dd9",
              "isHook": false,
              "skipped": true
            },
            {
              "title": "muestra errores al enviar el formulario vacío",
              "fullTitle": "03 — Modal Comparte tu Historia (Testimonio) muestra errores al enviar el formulario vacío",
              "timedOut": false,
              "duration": 0,
              "state": null,
              "speed": null,
              "pass": false,
              "fail": false,
              "pending": false,
              "context": null,
              "code": "await home.openShareStoryModal();\nawait modal.submit();\n// Debe mostrar al menos un mensaje de error\nconst hasError = await modal.isVisible(\n  require(\"selenium-webdriver\").By.xpath(\n    \"//p[contains(@class,'text-red') and string-length(.) > 3]\"\n  )\n);\nexpect(hasError).to.be.true;",
              "err": {},
              "uuid": "52de96ca-737d-4ace-9804-22afab0ccb87",
              "parentUUID": "049c92cb-5c4a-4b6f-99cd-a46f7a579dd9",
              "isHook": false,
              "skipped": true
            },
            {
              "title": "muestra error cuando 'Nombre del Acudiente' está vacío",
              "fullTitle": "03 — Modal Comparte tu Historia (Testimonio) muestra error cuando 'Nombre del Acudiente' está vacío",
              "timedOut": false,
              "duration": 0,
              "state": null,
              "speed": null,
              "pass": false,
              "fail": false,
              "pending": false,
              "context": null,
              "code": "if (!(await modal.isOpen())) await home.openShareStoryModal();\nawait modal.submit();\nconst hasError = await modal.isErrorVisible(\"guardianName\");\nexpect(hasError).to.be.true;",
              "err": {},
              "uuid": "a59a4997-8333-400e-aa3e-877478e4428d",
              "parentUUID": "049c92cb-5c4a-4b6f-99cd-a46f7a579dd9",
              "isHook": false,
              "skipped": true
            },
            {
              "title": "muestra error cuando 'Nombre del Niño' está vacío",
              "fullTitle": "03 — Modal Comparte tu Historia (Testimonio) muestra error cuando 'Nombre del Niño' está vacío",
              "timedOut": false,
              "duration": 0,
              "state": null,
              "speed": null,
              "pass": false,
              "fail": false,
              "pending": false,
              "context": null,
              "code": "if (!(await modal.isOpen())) await home.openShareStoryModal();\nawait modal.submit();\nconst hasError = await modal.isErrorVisible(\"childName\");\nexpect(hasError).to.be.true;",
              "err": {},
              "uuid": "52b36e57-c0d6-4aab-8780-272134ad441c",
              "parentUUID": "049c92cb-5c4a-4b6f-99cd-a46f7a579dd9",
              "isHook": false,
              "skipped": true
            },
            {
              "title": "muestra error cuando 'Tu Historia' está vacía",
              "fullTitle": "03 — Modal Comparte tu Historia (Testimonio) muestra error cuando 'Tu Historia' está vacía",
              "timedOut": false,
              "duration": 0,
              "state": null,
              "speed": null,
              "pass": false,
              "fail": false,
              "pending": false,
              "context": null,
              "code": "if (!(await modal.isOpen())) await home.openShareStoryModal();\nawait modal.submit();\nconst hasError = await modal.isErrorVisible(\"story\");\nexpect(hasError).to.be.true;",
              "err": {},
              "uuid": "44846f72-cac8-4e56-9f35-a2c9a80bae14",
              "parentUUID": "049c92cb-5c4a-4b6f-99cd-a46f7a579dd9",
              "isHook": false,
              "skipped": true
            },
            {
              "title": "muestra error cuando 'Logro o Resultado' está vacío",
              "fullTitle": "03 — Modal Comparte tu Historia (Testimonio) muestra error cuando 'Logro o Resultado' está vacío",
              "timedOut": false,
              "duration": 0,
              "state": null,
              "speed": null,
              "pass": false,
              "fail": false,
              "pending": false,
              "context": null,
              "code": "if (!(await modal.isOpen())) await home.openShareStoryModal();\nawait modal.submit();\nconst hasError = await modal.isErrorVisible(\"achievement\");\nexpect(hasError).to.be.true;",
              "err": {},
              "uuid": "72feb9cd-7dd8-43f2-b942-8803156ad9ef",
              "parentUUID": "049c92cb-5c4a-4b6f-99cd-a46f7a579dd9",
              "isHook": false,
              "skipped": true
            },
            {
              "title": "permite seleccionar la relación del acudiente",
              "fullTitle": "03 — Modal Comparte tu Historia (Testimonio) permite seleccionar la relación del acudiente",
              "timedOut": false,
              "duration": 0,
              "state": null,
              "speed": null,
              "pass": false,
              "fail": false,
              "pending": false,
              "context": null,
              "code": "if (!(await modal.isOpen())) await home.openShareStoryModal();\nawait modal.selectGuardianRole(\"padre\");\nconst select = await modal.find(modal.guardianRoleSelect);\nconst value = await select.getAttribute(\"value\");\nexpect(value).to.equal(\"padre\");",
              "err": {},
              "uuid": "b010bfd5-b1b9-42a7-bb6a-449590aa08cd",
              "parentUUID": "049c92cb-5c4a-4b6f-99cd-a46f7a579dd9",
              "isHook": false,
              "skipped": true
            },
            {
              "title": "permite dar una calificación con las estrellas",
              "fullTitle": "03 — Modal Comparte tu Historia (Testimonio) permite dar una calificación con las estrellas",
              "timedOut": false,
              "duration": 0,
              "state": null,
              "speed": null,
              "pass": false,
              "fail": false,
              "pending": false,
              "context": null,
              "code": "if (!(await modal.isOpen())) await home.openShareStoryModal();\n// No debe lanzar error al clicar las estrellas\nawait modal.setRating(4);",
              "err": {},
              "uuid": "ebcb3cf9-923a-4a1c-bbbc-6d8489008be0",
              "parentUUID": "049c92cb-5c4a-4b6f-99cd-a46f7a579dd9",
              "isHook": false,
              "skipped": true
            },
            {
              "title": "muestra mensaje de éxito tras enviar el formulario con datos válidos",
              "fullTitle": "03 — Modal Comparte tu Historia (Testimonio) muestra mensaje de éxito tras enviar el formulario con datos válidos",
              "timedOut": false,
              "duration": 0,
              "state": null,
              "speed": null,
              "pass": false,
              "fail": false,
              "pending": false,
              "context": null,
              "code": "this.timeout(40000); // Dar más tiempo para la petición al servidor\nawait home.openShareStoryModal();\nawait modal.fillWithValidData();\nawait modal.submit();\n// Esperar mensaje de éxito o cierre del modal\ntry {\n  await modal.waitForSuccess();\n  const successVisible = await modal.isVisible(modal.successMessage);\n  expect(successVisible).to.be.true;\n} catch {\n  // Si no hay mensaje de éxito, al menos el modal debe cerrarse\n  await modal.waitForClose();\n  expect(await modal.isOpen()).to.be.false;\n}",
              "err": {},
              "uuid": "aff95d0e-798f-49e4-856f-0fb5f3ec9cb1",
              "parentUUID": "049c92cb-5c4a-4b6f-99cd-a46f7a579dd9",
              "isHook": false,
              "skipped": true
            }
          ],
          "suites": [],
          "passes": [],
          "failures": [],
          "pending": [],
          "skipped": [
            "e3eb3260-5fd2-4374-84f7-1cb6a0673e8a",
            "fbc81d28-737f-4207-8437-76c8f20773a0",
            "e4a32de7-9fb4-4b10-990a-9f64f2965406",
            "52de96ca-737d-4ace-9804-22afab0ccb87",
            "a59a4997-8333-400e-aa3e-877478e4428d",
            "52b36e57-c0d6-4aab-8780-272134ad441c",
            "44846f72-cac8-4e56-9f35-a2c9a80bae14",
            "72feb9cd-7dd8-43f2-b942-8803156ad9ef",
            "b010bfd5-b1b9-42a7-bb6a-449590aa08cd",
            "ebcb3cf9-923a-4a1c-bbbc-6d8489008be0",
            "aff95d0e-798f-49e4-856f-0fb5f3ec9cb1"
          ],
          "duration": 0,
          "root": false,
          "rootEmpty": false,
          "_timeout": 30000
        },
        {
          "uuid": "e4ca1833-645e-4e4a-8743-27551e7f7077",
          "title": "04 — Página de Recetas Saludables",
          "fullFile": "C:\\Users\\carot\\Documents\\Project-Semestre-7\\Desarrollo-Proyecto-Buenos-habitos-Alimenticios\\e2e\\tests\\04_recipes.test.js",
          "file": "\\tests\\04_recipes.test.js",
          "beforeHooks": [
            {
              "title": "\"before all\" hook in \"04 — Página de Recetas Saludables\"",
              "fullTitle": "04 — Página de Recetas Saludables \"before all\" hook in \"04 — Página de Recetas Saludables\"",
              "timedOut": false,
              "duration": 9150,
              "state": null,
              "speed": null,
              "pass": false,
              "fail": false,
              "pending": false,
              "context": null,
              "code": "driver = await createDriver();\nnav = new NavigationPage(driver);\nrecipes = new RecipesPage(driver);\naddModal = new AddRecipeModal(driver);\nawait nav.navigateToHome();\nawait nav.goToRecipes();\nawait recipes.waitForPageLoad();",
              "err": {},
              "uuid": "609423c9-3546-4e64-b182-f924baed658f",
              "parentUUID": "e4ca1833-645e-4e4a-8743-27551e7f7077",
              "isHook": true,
              "skipped": false
            }
          ],
          "afterHooks": [
            {
              "title": "\"after all\" hook in \"04 — Página de Recetas Saludables\"",
              "fullTitle": "04 — Página de Recetas Saludables \"after all\" hook in \"04 — Página de Recetas Saludables\"",
              "timedOut": false,
              "duration": 1528,
              "state": null,
              "speed": null,
              "pass": false,
              "fail": false,
              "pending": false,
              "context": null,
              "code": "if (driver) await driver.quit();",
              "err": {},
              "uuid": "ca04c1ac-ca74-4a47-8a82-d1ea35eb56e9",
              "parentUUID": "e4ca1833-645e-4e4a-8743-27551e7f7077",
              "isHook": true,
              "skipped": false
            },
            {
              "title": "\"after each\" hook in \"04 — Página de Recetas Saludables\"",
              "fullTitle": "04 — Página de Recetas Saludables \"after each\" hook in \"04 — Página de Recetas Saludables\"",
              "timedOut": false,
              "duration": 21,
              "state": null,
              "speed": null,
              "pass": false,
              "fail": false,
              "pending": false,
              "context": null,
              "code": "if (this.currentTest.state === \"failed\") {\n  await takeScreenshot(driver, this.currentTest.fullTitle());\n}\n// Cerrar modal si quedó abierto\nif (await addModal.isOpen()) {\n  try {\n    await addModal.cancel();\n    await addModal.waitForClose();\n  } catch { /* modal ya cerrado */ }\n}",
              "err": {},
              "uuid": "bda46ab4-6763-46dd-bad6-34f508c4e560",
              "parentUUID": "e4ca1833-645e-4e4a-8743-27551e7f7077",
              "isHook": true,
              "skipped": false
            }
          ],
          "tests": [
            {
              "title": "muestra el encabezado de la página de Recetas",
              "fullTitle": "04 — Página de Recetas Saludables muestra el encabezado de la página de Recetas",
              "timedOut": false,
              "duration": 34,
              "state": "passed",
              "speed": "fast",
              "pass": true,
              "fail": false,
              "pending": false,
              "context": null,
              "code": "const hasH1 = await recipes.isVisible(\n  By.xpath(\"//h1[contains(., 'Recetas')]\")\n);\nexpect(hasH1).to.be.true;",
              "err": {},
              "uuid": "474bf376-0b25-49d3-8a9b-64892ebb6531",
              "parentUUID": "e4ca1833-645e-4e4a-8743-27551e7f7077",
              "isHook": false,
              "skipped": false
            },
            {
              "title": "muestra el campo de búsqueda",
              "fullTitle": "04 — Página de Recetas Saludables muestra el campo de búsqueda",
              "timedOut": false,
              "duration": 20,
              "state": "passed",
              "speed": "fast",
              "pass": true,
              "fail": false,
              "pending": false,
              "context": null,
              "code": "const visible = await recipes.isVisible(recipes.searchInput);\nexpect(visible).to.be.true;",
              "err": {},
              "uuid": "1efaa34c-5d40-4728-9f74-eafdd8ca23ef",
              "parentUUID": "e4ca1833-645e-4e4a-8743-27551e7f7077",
              "isHook": false,
              "skipped": false
            },
            {
              "title": "muestra el botón 'Añadir Receta'",
              "fullTitle": "04 — Página de Recetas Saludables muestra el botón 'Añadir Receta'",
              "timedOut": false,
              "duration": 41,
              "state": "passed",
              "speed": "fast",
              "pass": true,
              "fail": false,
              "pending": false,
              "context": null,
              "code": "const visible = await recipes.isVisible(recipes.addRecipeButton);\nexpect(visible).to.be.true;",
              "err": {},
              "uuid": "4aecc97b-0315-42d1-8a30-e6fcc53205c4",
              "parentUUID": "e4ca1833-645e-4e4a-8743-27551e7f7077",
              "isHook": false,
              "skipped": false
            },
            {
              "title": "muestra los botones de filtro por tipo de comida",
              "fullTitle": "04 — Página de Recetas Saludables muestra los botones de filtro por tipo de comida",
              "timedOut": false,
              "duration": 121,
              "state": "passed",
              "speed": "fast",
              "pass": true,
              "fail": false,
              "pending": false,
              "context": null,
              "code": "const filters = [\"Desayuno\", \"Almuerzo\", \"Cena\", \"Snack\"];\nfor (const f of filters) {\n  const visible = await recipes.isVisible(recipes.filterButton(f));\n  expect(visible, `Filtro \"${f}\" debe ser visible`).to.be.true;\n}",
              "err": {},
              "uuid": "7c8b54a9-a801-4286-91d0-ca0a2675705d",
              "parentUUID": "e4ca1833-645e-4e4a-8743-27551e7f7077",
              "isHook": false,
              "skipped": false
            },
            {
              "title": "permite escribir en el campo de búsqueda",
              "fullTitle": "04 — Página de Recetas Saludables permite escribir en el campo de búsqueda",
              "timedOut": false,
              "duration": 1161,
              "state": "passed",
              "speed": "fast",
              "pass": true,
              "fail": false,
              "pending": false,
              "context": null,
              "code": "await recipes.searchRecipes(\"batido\");\nconst value = await recipes.getValue(recipes.searchInput);\nexpect(value).to.equal(\"batido\");\nawait recipes.clearSearch();",
              "err": {},
              "uuid": "73bb758f-4898-4e00-9a18-2a0695af3515",
              "parentUUID": "e4ca1833-645e-4e4a-8743-27551e7f7077",
              "isHook": false,
              "skipped": false
            },
            {
              "title": "la búsqueda filtra las recetas visibles",
              "fullTitle": "04 — Página de Recetas Saludables la búsqueda filtra las recetas visibles",
              "timedOut": false,
              "duration": 921,
              "state": "failed",
              "speed": null,
              "pass": false,
              "fail": true,
              "pending": false,
              "context": null,
              "code": "// Con un término improbable deben mostrarse 0 resultados\nawait recipes.searchRecipes(\"zzzzrecetainexistente\");\nconst count = await recipes.getRecipeCount();\nexpect(count).to.equal(0);\nawait recipes.clearSearch();",
              "err": {
                "message": "AssertionError: expected 4 to equal +0",
                "estack": "AssertionError: expected 4 to equal +0\n    at Context.<anonymous> (tests\\04_recipes.test.js:85:22)\n    at process.processTicksAndRejections (node:internal/process/task_queues:104:5)",
                "diff": "- 4\n+ 0\n"
              },
              "uuid": "aeb392d3-b4ba-40ee-9240-3b160930940f",
              "parentUUID": "e4ca1833-645e-4e4a-8743-27551e7f7077",
              "isHook": false,
              "skipped": false
            },
            {
              "title": "limpiar búsqueda restaura todas las recetas",
              "fullTitle": "04 — Página de Recetas Saludables limpiar búsqueda restaura todas las recetas",
              "timedOut": false,
              "duration": 1365,
              "state": "passed",
              "speed": "fast",
              "pass": true,
              "fail": false,
              "pending": false,
              "context": null,
              "code": "await recipes.searchRecipes(\"batido\");\nawait recipes.clearSearch();\n// El campo debe estar vacío\nconst value = await recipes.getValue(recipes.searchInput);\nexpect(value).to.equal(\"\");",
              "err": {},
              "uuid": "d4222e22-6d8f-4b47-ac8c-e4a478c32fff",
              "parentUUID": "e4ca1833-645e-4e4a-8743-27551e7f7077",
              "isHook": false,
              "skipped": false
            },
            {
              "title": "activar un filtro de tipo de comida lo marca como activo",
              "fullTitle": "04 — Página de Recetas Saludables activar un filtro de tipo de comida lo marca como activo",
              "timedOut": false,
              "duration": 769,
              "state": "passed",
              "speed": "fast",
              "pass": true,
              "fail": false,
              "pending": false,
              "context": null,
              "code": "await recipes.clickFilter(\"Desayuno\");\nconst isActive = await recipes.isFilterActive(\"Desayuno\");\nexpect(isActive).to.be.true;",
              "err": {},
              "uuid": "3cfaaf66-0b90-4755-85ac-57819ee23dde",
              "parentUUID": "e4ca1833-645e-4e4a-8743-27551e7f7077",
              "isHook": false,
              "skipped": false
            },
            {
              "title": "aparece el botón 'Limpiar filtros' cuando hay un filtro activo",
              "fullTitle": "04 — Página de Recetas Saludables aparece el botón 'Limpiar filtros' cuando hay un filtro activo",
              "timedOut": false,
              "duration": 26,
              "state": "passed",
              "speed": "fast",
              "pass": true,
              "fail": false,
              "pending": false,
              "context": null,
              "code": "const visible = await recipes.isVisible(recipes.clearFiltersButton);\nexpect(visible).to.be.true;",
              "err": {},
              "uuid": "1a3c026a-a6f5-4622-a2cb-b7085174c9a2",
              "parentUUID": "e4ca1833-645e-4e4a-8743-27551e7f7077",
              "isHook": false,
              "skipped": false
            },
            {
              "title": "'Limpiar filtros' desactiva el filtro activo",
              "fullTitle": "04 — Página de Recetas Saludables 'Limpiar filtros' desactiva el filtro activo",
              "timedOut": false,
              "duration": 556,
              "state": "passed",
              "speed": "fast",
              "pass": true,
              "fail": false,
              "pending": false,
              "context": null,
              "code": "await recipes.clearFilters();\nconst isActive = await recipes.isFilterActive(\"Desayuno\");\nexpect(isActive).to.be.false;",
              "err": {},
              "uuid": "c36b7be7-335c-4dda-ac23-ac7442bd5291",
              "parentUUID": "e4ca1833-645e-4e4a-8743-27551e7f7077",
              "isHook": false,
              "skipped": false
            },
            {
              "title": "hacer clic en un filtro activo lo desactiva (toggle)",
              "fullTitle": "04 — Página de Recetas Saludables hacer clic en un filtro activo lo desactiva (toggle)",
              "timedOut": false,
              "duration": 1447,
              "state": "passed",
              "speed": "fast",
              "pass": true,
              "fail": false,
              "pending": false,
              "context": null,
              "code": "await recipes.clickFilter(\"Almuerzo\");\nexpect(await recipes.isFilterActive(\"Almuerzo\")).to.be.true;\nawait recipes.clickFilter(\"Almuerzo\");\nexpect(await recipes.isFilterActive(\"Almuerzo\")).to.be.false;",
              "err": {},
              "uuid": "1e6023c6-1b22-4a47-b973-e56db495138a",
              "parentUUID": "e4ca1833-645e-4e4a-8743-27551e7f7077",
              "isHook": false,
              "skipped": false
            },
            {
              "title": "hacer clic en 'Ver receta' abre el detalle de la receta",
              "fullTitle": "04 — Página de Recetas Saludables hacer clic en 'Ver receta' abre el detalle de la receta",
              "timedOut": false,
              "duration": 296,
              "state": "passed",
              "speed": "fast",
              "pass": true,
              "fail": false,
              "pending": false,
              "context": null,
              "code": "const count = await recipes.getRecipeCount();\nif (count === 0) {\n  this.skip(); // Saltar si no hay recetas en la DB\n}\nawait recipes.clickFirstRecipe();\nconst detailVisible = await recipes.isVisible(recipes.recipeDetailModal);\nexpect(detailVisible).to.be.true;",
              "err": {},
              "uuid": "f40e6902-db73-4085-ae62-5dab47699020",
              "parentUUID": "e4ca1833-645e-4e4a-8743-27551e7f7077",
              "isHook": false,
              "skipped": false
            },
            {
              "title": "el detalle de receta tiene botón 'Volver a Recetas'",
              "fullTitle": "04 — Página de Recetas Saludables el detalle de receta tiene botón 'Volver a Recetas'",
              "timedOut": false,
              "duration": 11,
              "state": "passed",
              "speed": "fast",
              "pass": true,
              "fail": false,
              "pending": false,
              "context": null,
              "code": "const visible = await recipes.isVisible(recipes.backToRecipesButton);\nexpect(visible).to.be.true;",
              "err": {},
              "uuid": "a5940d43-ed1a-402a-a054-63ecfa180c70",
              "parentUUID": "e4ca1833-645e-4e4a-8743-27551e7f7077",
              "isHook": false,
              "skipped": false
            },
            {
              "title": "'Volver a Recetas' cierra el detalle y regresa a la lista",
              "fullTitle": "04 — Página de Recetas Saludables 'Volver a Recetas' cierra el detalle y regresa a la lista",
              "timedOut": false,
              "duration": 287,
              "state": "passed",
              "speed": "fast",
              "pass": true,
              "fail": false,
              "pending": false,
              "context": null,
              "code": "await recipes.closeRecipeDetail();\nconst h1 = await recipes.isVisible(\n  By.xpath(\"//h1[contains(., 'Recetas')]\")\n);\nexpect(h1).to.be.true;",
              "err": {},
              "uuid": "b6fd410d-f6b2-448b-95ac-ec7134f37b15",
              "parentUUID": "e4ca1833-645e-4e4a-8743-27551e7f7077",
              "isHook": false,
              "skipped": false
            },
            {
              "title": "el botón 'Añadir Receta' abre el modal de creación",
              "fullTitle": "04 — Página de Recetas Saludables el botón 'Añadir Receta' abre el modal de creación",
              "timedOut": false,
              "duration": 285,
              "state": "passed",
              "speed": "fast",
              "pass": true,
              "fail": false,
              "pending": false,
              "context": null,
              "code": "await recipes.openAddRecipeModal();\nexpect(await addModal.isOpen()).to.be.true;",
              "err": {},
              "uuid": "1f5b2140-e1ef-4f96-8e04-0889a8580574",
              "parentUUID": "e4ca1833-645e-4e4a-8743-27551e7f7077",
              "isHook": false,
              "skipped": false
            },
            {
              "title": "el modal de receta muestra todos los campos del formulario",
              "fullTitle": "04 — Página de Recetas Saludables el modal de receta muestra todos los campos del formulario",
              "timedOut": false,
              "duration": 461,
              "state": "passed",
              "speed": "fast",
              "pass": true,
              "fail": false,
              "pending": false,
              "context": null,
              "code": "if (!(await addModal.isOpen())) await recipes.openAddRecipeModal();\nconst fields = [\n  addModal.tituloInput,\n  addModal.descripcionTextarea,\n  addModal.tipoComidaSelect,\n];\nfor (const locator of fields) {\n  const visible = await addModal.isVisible(locator);\n  expect(visible, `Campo ${JSON.stringify(locator)} debe estar visible`).to.be.true;\n}",
              "err": {},
              "uuid": "b6bc386f-4602-4c5e-adc3-3a0363a97a31",
              "parentUUID": "e4ca1833-645e-4e4a-8743-27551e7f7077",
              "isHook": false,
              "skipped": false
            },
            {
              "title": "el botón 'Cancelar' cierra el modal sin guardar",
              "fullTitle": "04 — Página de Recetas Saludables el botón 'Cancelar' cierra el modal sin guardar",
              "timedOut": false,
              "duration": 651,
              "state": "passed",
              "speed": "fast",
              "pass": true,
              "fail": false,
              "pending": false,
              "context": null,
              "code": "if (!(await addModal.isOpen())) await recipes.openAddRecipeModal();\nawait addModal.cancel();\nawait addModal.waitForClose();\nexpect(await addModal.isOpen()).to.be.false;",
              "err": {},
              "uuid": "9a434efe-00fd-43f8-badc-4c3c920ed59d",
              "parentUUID": "e4ca1833-645e-4e4a-8743-27551e7f7077",
              "isHook": false,
              "skipped": false
            },
            {
              "title": "guarda una receta correctamente con todos los campos obligatorios",
              "fullTitle": "04 — Página de Recetas Saludables guarda una receta correctamente con todos los campos obligatorios",
              "timedOut": false,
              "duration": 4843,
              "state": "passed",
              "speed": "fast",
              "pass": true,
              "fail": false,
              "pending": false,
              "context": null,
              "code": "this.timeout(40000);\nawait recipes.openAddRecipeModal();\nawait addModal.fillWithValidData();\nawait addModal.submit();\n// El modal debe cerrarse tras guardar exitosamente\nawait addModal.waitForClose();\nexpect(await addModal.isOpen()).to.be.false;",
              "err": {},
              "uuid": "d8d1ee76-4aee-4e9f-bc2f-732a70bd3491",
              "parentUUID": "e4ca1833-645e-4e4a-8743-27551e7f7077",
              "isHook": false,
              "skipped": false
            }
          ],
          "suites": [],
          "passes": [
            "474bf376-0b25-49d3-8a9b-64892ebb6531",
            "1efaa34c-5d40-4728-9f74-eafdd8ca23ef",
            "4aecc97b-0315-42d1-8a30-e6fcc53205c4",
            "7c8b54a9-a801-4286-91d0-ca0a2675705d",
            "73bb758f-4898-4e00-9a18-2a0695af3515",
            "d4222e22-6d8f-4b47-ac8c-e4a478c32fff",
            "3cfaaf66-0b90-4755-85ac-57819ee23dde",
            "1a3c026a-a6f5-4622-a2cb-b7085174c9a2",
            "c36b7be7-335c-4dda-ac23-ac7442bd5291",
            "1e6023c6-1b22-4a47-b973-e56db495138a",
            "f40e6902-db73-4085-ae62-5dab47699020",
            "a5940d43-ed1a-402a-a054-63ecfa180c70",
            "b6fd410d-f6b2-448b-95ac-ec7134f37b15",
            "1f5b2140-e1ef-4f96-8e04-0889a8580574",
            "b6bc386f-4602-4c5e-adc3-3a0363a97a31",
            "9a434efe-00fd-43f8-badc-4c3c920ed59d",
            "d8d1ee76-4aee-4e9f-bc2f-732a70bd3491"
          ],
          "failures": [
            "aeb392d3-b4ba-40ee-9240-3b160930940f"
          ],
          "pending": [],
          "skipped": [],
          "duration": 13295,
          "root": false,
          "rootEmpty": false,
          "_timeout": 30000
        },
        {
          "uuid": "74146b68-0a5a-43f8-baf0-6999e47dcaa5",
          "title": "05 — Página Guías de Educación",
          "fullFile": "C:\\Users\\carot\\Documents\\Project-Semestre-7\\Desarrollo-Proyecto-Buenos-habitos-Alimenticios\\e2e\\tests\\05_education.test.js",
          "file": "\\tests\\05_education.test.js",
          "beforeHooks": [
            {
              "title": "\"before all\" hook in \"05 — Página Guías de Educación\"",
              "fullTitle": "05 — Página Guías de Educación \"before all\" hook in \"05 — Página Guías de Educación\"",
              "timedOut": false,
              "duration": 5129,
              "state": null,
              "speed": null,
              "pass": false,
              "fail": false,
              "pending": false,
              "context": null,
              "code": "driver = await createDriver();\nnav = new NavigationPage(driver);\neducation = new EducationPage(driver);\nawait nav.navigateToHome();\nawait nav.goToEducation();\nawait education.waitForPageLoad();",
              "err": {},
              "uuid": "2af184e6-e311-4c52-a1ea-bfce4519b32e",
              "parentUUID": "74146b68-0a5a-43f8-baf0-6999e47dcaa5",
              "isHook": true,
              "skipped": false
            }
          ],
          "afterHooks": [
            {
              "title": "\"after all\" hook in \"05 — Página Guías de Educación\"",
              "fullTitle": "05 — Página Guías de Educación \"after all\" hook in \"05 — Página Guías de Educación\"",
              "timedOut": false,
              "duration": 592,
              "state": null,
              "speed": null,
              "pass": false,
              "fail": false,
              "pending": false,
              "context": null,
              "code": "if (driver) await driver.quit();",
              "err": {},
              "uuid": "ad712ce8-066d-4201-ae9a-b4fd68b2f0ac",
              "parentUUID": "74146b68-0a5a-43f8-baf0-6999e47dcaa5",
              "isHook": true,
              "skipped": false
            },
            {
              "title": "\"after each\" hook in \"05 — Página Guías de Educación\"",
              "fullTitle": "05 — Página Guías de Educación \"after each\" hook in \"05 — Página Guías de Educación\"",
              "timedOut": false,
              "duration": 0,
              "state": null,
              "speed": null,
              "pass": false,
              "fail": false,
              "pending": false,
              "context": null,
              "code": "if (this.currentTest.state === \"failed\") {\n  await takeScreenshot(driver, this.currentTest.fullTitle());\n}",
              "err": {},
              "uuid": "cd91c899-2a7f-467e-b5c7-4d98f42cf2d3",
              "parentUUID": "74146b68-0a5a-43f8-baf0-6999e47dcaa5",
              "isHook": true,
              "skipped": false
            }
          ],
          "tests": [
            {
              "title": "muestra el encabezado 'Educación'",
              "fullTitle": "05 — Página Guías de Educación muestra el encabezado 'Educación'",
              "timedOut": false,
              "duration": 79,
              "state": "passed",
              "speed": "fast",
              "pass": true,
              "fail": false,
              "pending": false,
              "context": null,
              "code": "const visible = await education.isVisible(\n  By.xpath(\"//h1[contains(., 'Educaci')]\")\n);\nexpect(visible).to.be.true;",
              "err": {},
              "uuid": "4878bc8e-ebe4-4ed8-b210-ed5b42242e5a",
              "parentUUID": "74146b68-0a5a-43f8-baf0-6999e47dcaa5",
              "isHook": false,
              "skipped": false
            },
            {
              "title": "muestra contenido de lectura de etiquetas o azúcares",
              "fullTitle": "05 — Página Guías de Educación muestra contenido de lectura de etiquetas o azúcares",
              "timedOut": false,
              "duration": 128,
              "state": "passed",
              "speed": "fast",
              "pass": true,
              "fail": false,
              "pending": false,
              "context": null,
              "code": "const visible = await education.isVisible(\n  By.xpath(\n    \"//*[contains(.,'Az') or contains(.,'etiqueta') or contains(.,'Etiqueta')]\"\n  )\n);\nexpect(visible).to.be.true;",
              "err": {},
              "uuid": "ee41d018-7e8c-4052-a3b9-1f9257d41554",
              "parentUUID": "74146b68-0a5a-43f8-baf0-6999e47dcaa5",
              "isHook": false,
              "skipped": false
            },
            {
              "title": "muestra la sección del sistema semáforo nutricional",
              "fullTitle": "05 — Página Guías de Educación muestra la sección del sistema semáforo nutricional",
              "timedOut": false,
              "duration": 86,
              "state": "passed",
              "speed": "fast",
              "pass": true,
              "fail": false,
              "pending": false,
              "context": null,
              "code": "const visible = await education.isVisible(\n  By.xpath(\n    \"//*[contains(.,'em') or contains(.,'nutricional') or contains(.,'Sem')]\"\n  )\n);\nexpect(visible).to.be.true;",
              "err": {},
              "uuid": "4f00257d-7dea-450a-9d1a-e264676872e6",
              "parentUUID": "74146b68-0a5a-43f8-baf0-6999e47dcaa5",
              "isHook": false,
              "skipped": false
            },
            {
              "title": "muestra la sección de consejos para supermercado",
              "fullTitle": "05 — Página Guías de Educación muestra la sección de consejos para supermercado",
              "timedOut": false,
              "duration": 41,
              "state": "failed",
              "speed": null,
              "pass": false,
              "fail": true,
              "pending": false,
              "context": null,
              "code": "const visible = await education.isSupermarketSectionVisible();\nexpect(visible).to.be.true;",
              "err": {
                "message": "AssertionError: expected false to be true",
                "estack": "AssertionError: expected false to be true\n    at Context.<anonymous> (tests\\05_education.test.js:64:26)\n    at process.processTicksAndRejections (node:internal/process/task_queues:104:5)",
                "diff": "- false\n+ true\n"
              },
              "uuid": "a307fffe-b1ec-4517-8428-b8be2c758c0e",
              "parentUUID": "74146b68-0a5a-43f8-baf0-6999e47dcaa5",
              "isHook": false,
              "skipped": false
            },
            {
              "title": "muestra botones para descargar guías PDF",
              "fullTitle": "05 — Página Guías de Educación muestra botones para descargar guías PDF",
              "timedOut": false,
              "duration": 28,
              "state": "passed",
              "speed": "fast",
              "pass": true,
              "fail": false,
              "pending": false,
              "context": null,
              "code": "const count = await education.getDownloadButtonCount();\nexpect(count).to.be.greaterThan(0);",
              "err": {},
              "uuid": "0139fd1c-5663-402f-86e0-9d7d30038771",
              "parentUUID": "74146b68-0a5a-43f8-baf0-6999e47dcaa5",
              "isHook": false,
              "skipped": false
            },
            {
              "title": "los botones de descarga son clicables",
              "fullTitle": "05 — Página Guías de Educación los botones de descarga son clicables",
              "timedOut": false,
              "duration": 66,
              "state": "passed",
              "speed": "fast",
              "pass": true,
              "fail": false,
              "pending": false,
              "context": null,
              "code": "const count = await education.getDownloadButtonCount();\nif (count === 0) this.skip();\n// Verificar que el primer botón no está deshabilitado\nconst buttons = await education.findAll(education.downloadButtons);\nconst isEnabled = await buttons[0].isEnabled();\nexpect(isEnabled).to.be.true;",
              "err": {},
              "uuid": "da691db9-6dfe-4147-bea1-824359a1f118",
              "parentUUID": "74146b68-0a5a-43f8-baf0-6999e47dcaa5",
              "isHook": false,
              "skipped": false
            }
          ],
          "suites": [],
          "passes": [
            "4878bc8e-ebe4-4ed8-b210-ed5b42242e5a",
            "ee41d018-7e8c-4052-a3b9-1f9257d41554",
            "4f00257d-7dea-450a-9d1a-e264676872e6",
            "0139fd1c-5663-402f-86e0-9d7d30038771",
            "da691db9-6dfe-4147-bea1-824359a1f118"
          ],
          "failures": [
            "a307fffe-b1ec-4517-8428-b8be2c758c0e"
          ],
          "pending": [],
          "skipped": [],
          "duration": 428,
          "root": false,
          "rootEmpty": false,
          "_timeout": 30000
        },
        {
          "uuid": "2612e1c1-5d23-4ebc-93de-35729b311129",
          "title": "06 — Página Alerta y Concientización",
          "fullFile": "C:\\Users\\carot\\Documents\\Project-Semestre-7\\Desarrollo-Proyecto-Buenos-habitos-Alimenticios\\e2e\\tests\\06_alerts.test.js",
          "file": "\\tests\\06_alerts.test.js",
          "beforeHooks": [
            {
              "title": "\"before all\" hook in \"06 — Página Alerta y Concientización\"",
              "fullTitle": "06 — Página Alerta y Concientización \"before all\" hook in \"06 — Página Alerta y Concientización\"",
              "timedOut": false,
              "duration": 6793,
              "state": null,
              "speed": null,
              "pass": false,
              "fail": false,
              "pending": false,
              "context": null,
              "code": "driver = await createDriver();\nnav = new NavigationPage(driver);\nalerts = new AlertsPage(driver);\nawait nav.navigateToHome();\nawait nav.goToAlerts();\nawait alerts.waitForPageLoad();",
              "err": {},
              "uuid": "b9821482-2f81-45e8-b6b1-ced3dae498ba",
              "parentUUID": "2612e1c1-5d23-4ebc-93de-35729b311129",
              "isHook": true,
              "skipped": false
            }
          ],
          "afterHooks": [
            {
              "title": "\"after all\" hook in \"06 — Página Alerta y Concientización\"",
              "fullTitle": "06 — Página Alerta y Concientización \"after all\" hook in \"06 — Página Alerta y Concientización\"",
              "timedOut": false,
              "duration": 215,
              "state": null,
              "speed": null,
              "pass": false,
              "fail": false,
              "pending": false,
              "context": null,
              "code": "if (driver) await driver.quit();",
              "err": {},
              "uuid": "2fe5c3bf-2f9c-4bdf-a379-22f6d9c869fa",
              "parentUUID": "2612e1c1-5d23-4ebc-93de-35729b311129",
              "isHook": true,
              "skipped": false
            },
            {
              "title": "\"after each\" hook in \"06 — Página Alerta y Concientización\"",
              "fullTitle": "06 — Página Alerta y Concientización \"after each\" hook in \"06 — Página Alerta y Concientización\"",
              "timedOut": false,
              "duration": 0,
              "state": null,
              "speed": null,
              "pass": false,
              "fail": false,
              "pending": false,
              "context": null,
              "code": "if (this.currentTest.state === \"failed\") {\n  await takeScreenshot(driver, this.currentTest.fullTitle());\n}",
              "err": {},
              "uuid": "b6805e6f-8541-420c-8b89-d8923bbd53e4",
              "parentUUID": "2612e1c1-5d23-4ebc-93de-35729b311129",
              "isHook": true,
              "skipped": false
            }
          ],
          "tests": [
            {
              "title": "muestra el encabezado de la página",
              "fullTitle": "06 — Página Alerta y Concientización muestra el encabezado de la página",
              "timedOut": false,
              "duration": 38,
              "state": "passed",
              "speed": "fast",
              "pass": true,
              "fail": false,
              "pending": false,
              "context": null,
              "code": "const visible = await alerts.isVisible(\n  By.xpath(\"//h1[contains(., 'Alerta')]\")\n);\nexpect(visible).to.be.true;",
              "err": {},
              "uuid": "13c2cfe7-c2d8-4942-8349-02723fb94c11",
              "parentUUID": "2612e1c1-5d23-4ebc-93de-35729b311129",
              "isHook": false,
              "skipped": false
            },
            {
              "title": "muestra la alerta principal sobre el azúcar",
              "fullTitle": "06 — Página Alerta y Concientización muestra la alerta principal sobre el azúcar",
              "timedOut": false,
              "duration": 27,
              "state": "passed",
              "speed": "fast",
              "pass": true,
              "fail": false,
              "pending": false,
              "context": null,
              "code": "const visible = await alerts.isMainAlertVisible();\nexpect(visible).to.be.true;",
              "err": {},
              "uuid": "9fba0379-36ed-4fdf-a84f-aeefff281e52",
              "parentUUID": "2612e1c1-5d23-4ebc-93de-35729b311129",
              "isHook": false,
              "skipped": false
            },
            {
              "title": "la alerta menciona la OMS o límites de azúcar",
              "fullTitle": "06 — Página Alerta y Concientización la alerta menciona la OMS o límites de azúcar",
              "timedOut": false,
              "duration": 68,
              "state": "passed",
              "speed": "fast",
              "pass": true,
              "fail": false,
              "pending": false,
              "context": null,
              "code": "const visible = await alerts.isVisible(\n  By.xpath(\n    \"//*[contains(., 'OMS') or contains(., 'azucar') or contains(., 'azúcar') or contains(., '25g')]\"\n  )\n);\nexpect(visible).to.be.true;",
              "err": {},
              "uuid": "60f8b13c-ab49-4977-8956-38651c824439",
              "parentUUID": "2612e1c1-5d23-4ebc-93de-35729b311129",
              "isHook": false,
              "skipped": false
            },
            {
              "title": "muestra la sección de videos educativos",
              "fullTitle": "06 — Página Alerta y Concientización muestra la sección de videos educativos",
              "timedOut": false,
              "duration": 19,
              "state": "failed",
              "speed": null,
              "pass": false,
              "fail": true,
              "pending": false,
              "context": null,
              "code": "const visible = await alerts.isVisible(\n  By.xpath(\n    \"//h2[contains(., 'Video') or contains(., 'video')]\"\n  )\n);\nexpect(visible).to.be.true;",
              "err": {
                "message": "AssertionError: expected false to be true",
                "estack": "AssertionError: expected false to be true\n    at Context.<anonymous> (tests\\06_alerts.test.js:67:26)\n    at process.processTicksAndRejections (node:internal/process/task_queues:104:5)",
                "diff": "- false\n+ true\n"
              },
              "uuid": "7cc63a8e-9f39-4a40-b2dd-992576848c50",
              "parentUUID": "2612e1c1-5d23-4ebc-93de-35729b311129",
              "isHook": false,
              "skipped": false
            },
            {
              "title": "muestra al menos un video educativo",
              "fullTitle": "06 — Página Alerta y Concientización muestra al menos un video educativo",
              "timedOut": false,
              "duration": 17,
              "state": "passed",
              "speed": "fast",
              "pass": true,
              "fail": false,
              "pending": false,
              "context": null,
              "code": "const count = await alerts.getVideoCount();\n// Con datos de fallback debe haber videos\nexpect(count).to.be.at.least(0); // tolerante — puede ser 0 si la DB no tiene datos",
              "err": {},
              "uuid": "76c951be-0a67-42bf-b009-d59e86b56018",
              "parentUUID": "2612e1c1-5d23-4ebc-93de-35729b311129",
              "isHook": false,
              "skipped": false
            },
            {
              "title": "abre el modal de video al hacer clic en un video",
              "fullTitle": "06 — Página Alerta y Concientización abre el modal de video al hacer clic en un video",
              "timedOut": false,
              "duration": 1064,
              "state": "passed",
              "speed": "fast",
              "pass": true,
              "fail": false,
              "pending": false,
              "context": null,
              "code": "const count = await alerts.getVideoCount();\nif (count === 0) return this.skip();\nawait alerts.clickFirstVideoCard();\n// El modal de video usa iframe\nconst modalVisible = await alerts.isVisible(alerts.videoModal);\nexpect(modalVisible).to.be.true;",
              "err": {},
              "uuid": "985c19d8-0e0e-4a2e-a66a-89f87d5d4b35",
              "parentUUID": "2612e1c1-5d23-4ebc-93de-35729b311129",
[...]
                },
                {
                  "title": "los errores desaparecen al rellenar los campos",
                  "fullTitle": "08 — Validación de Formularios Modal 'Comparte tu Historia' los errores desaparecen al rellenar los campos",
                  "timedOut": false,
                  "duration": 0,
                  "state": null,
                  "speed": null,
                  "pass": false,
                  "fail": false,
                  "pending": false,
                  "context": null,
                  "code": "await storyModal.submit(); // mostrar errores\nawait storyModal.fillGuardianName(\"Tatiana Rubio\");\n// El error de guardianName debe desaparecer al escribir el nombre\n// (o al reenviar)\nawait storyModal.submit(); // revalidar\n// El error de nombre ya no debe estar (guardianName está lleno)\nconst guardianNameError = await storyModal.isErrorVisible(\"guardianName\");\nexpect(guardianNameError).to.be.false;",
                  "err": {},
                  "uuid": "86f0fbc0-fb6b-4934-98e0-781532d8f52f",
                  "parentUUID": null,
                  "isHook": false,
                  "skipped": true
                }
              ],
              "suites": [],
              "passes": [],
              "failures": [],
              "pending": [],
              "skipped": [
                "15793fa5-20f9-4def-ade2-d82a6ea2bf15",
                "23ef771b-4bbb-4de4-ac15-946a78d95230",
                "68f9803b-ab81-4074-9f7d-b7189e9805c5",
                "fd6f87b0-35a7-4545-a340-f135f36e7f3e",
                "15cae24d-88fc-4bf9-94fa-21516b5a8c8a",
                "86f0fbc0-fb6b-4934-98e0-781532d8f52f"
              ],
              "duration": 0,
              "root": false,
              "rootEmpty": false,
              "_timeout": 30000
            },
            {
              "uuid": "8dc620d3-921f-481c-942a-6a853b91355a",
              "title": "Modal 'Añadir Receta'",
              "fullFile": "C:\\Users\\carot\\Documents\\Project-Semestre-7\\Desarrollo-Proyecto-Buenos-habitos-Alimenticios\\e2e\\tests\\08_form_validation.test.js",
              "file": "\\tests\\08_form_validation.test.js",
              "beforeHooks": [
                {
                  "title": "\"before all\" hook",
                  "fullTitle": "08 — Validación de Formularios Modal 'Añadir Receta' \"before all\" hook",
                  "timedOut": false,
                  "duration": 0,
                  "state": null,
                  "speed": null,
                  "pass": false,
                  "fail": false,
                  "pending": false,
                  "context": null,
                  "code": "await nav.goToRecipes();\nawait recipes.waitForPageLoad();",
                  "err": {},
                  "uuid": "24aa229c-e00d-4ac9-8100-c7391551a4e6",
                  "parentUUID": null,
                  "isHook": true,
                  "skipped": false
                },
                {
                  "title": "\"before each\" hook",
                  "fullTitle": "08 — Validación de Formularios Modal 'Añadir Receta' \"before each\" hook",
                  "timedOut": false,
                  "duration": 0,
                  "state": null,
                  "speed": null,
                  "pass": false,
                  "fail": false,
                  "pending": false,
                  "context": null,
                  "code": "if (!(await recipeModal.isOpen())) {\n  await recipes.openAddRecipeModal();\n}",
                  "err": {},
                  "uuid": "b967c775-98ad-4960-a2d2-cb7001c06b62",
                  "parentUUID": null,
                  "isHook": true,
                  "skipped": false
                }
              ],
              "afterHooks": [],
              "tests": [
                {
                  "title": "los campos obligatorios tienen el atributo 'required'",
                  "fullTitle": "08 — Validación de Formularios Modal 'Añadir Receta' los campos obligatorios tienen el atributo 'required'",
                  "timedOut": false,
                  "duration": 0,
                  "state": null,
                  "speed": null,
                  "pass": false,
                  "fail": false,
                  "pending": false,
                  "context": null,
                  "code": "const tituloEl = await recipeModal.find(recipeModal.tituloInput);\nconst isRequired = await tituloEl.getAttribute(\"required\");\nexpect(isRequired).to.not.be.null;",
                  "err": {},
                  "uuid": "571c54f4-955d-4566-bbd3-20f1707fee16",
                  "parentUUID": null,
                  "isHook": false,
                  "skipped": true
                },
                {
                  "title": "el campo título tiene placeholder descriptivo",
                  "fullTitle": "08 — Validación de Formularios Modal 'Añadir Receta' el campo título tiene placeholder descriptivo",
                  "timedOut": false,
                  "duration": 0,
                  "state": null,
                  "speed": null,
                  "pass": false,
                  "fail": false,
                  "pending": false,
                  "context": null,
                  "code": "const tituloEl = await recipeModal.find(recipeModal.tituloInput);\nconst placeholder = await tituloEl.getAttribute(\"placeholder\");\nexpect(placeholder).to.include(\"Bowl\");",
                  "err": {},
                  "uuid": "4e6b7e7a-ec1f-47ee-8017-5c4a35518f4e",
                  "parentUUID": null,
                  "isHook": false,
                  "skipped": true
                },
                {
                  "title": "el tipo de comida por defecto es 'Desayuno'",
                  "fullTitle": "08 — Validación de Formularios Modal 'Añadir Receta' el tipo de comida por defecto es 'Desayuno'",
                  "timedOut": false,
                  "duration": 0,
                  "state": null,
                  "speed": null,
                  "pass": false,
                  "fail": false,
                  "pending": false,
                  "context": null,
                  "code": "const select = await recipeModal.find(recipeModal.tipoComidaSelect);\nconst value = await select.getAttribute(\"value\");\nexpect(value).to.equal(\"Desayuno\");",
                  "err": {},
                  "uuid": "e37dff0b-e86e-4b53-b82b-738e07cdac46",
                  "parentUUID": null,
                  "isHook": false,
                  "skipped": true
                },
                {
                  "title": "el tiempo de preparación acepta solo valores numéricos positivos",
                  "fullTitle": "08 — Validación de Formularios Modal 'Añadir Receta' el tiempo de preparación acepta solo valores numéricos positivos",
                  "timedOut": false,
                  "duration": 0,
                  "state": null,
                  "speed": null,
                  "pass": false,
                  "fail": false,
                  "pending": false,
                  "context": null,
                  "code": "const el = await recipeModal.find(recipeModal.tiempoInput);\nconst type = await el.getAttribute(\"type\");\nconst min = await el.getAttribute(\"min\");\nexpect(type).to.equal(\"number\");\nexpect(parseInt(min)).to.be.at.least(1);",
                  "err": {},
                  "uuid": "14c9f691-a970-405f-9d79-40cc08907849",
                  "parentUUID": null,
                  "isHook": false,
                  "skipped": true
                },
                {
                  "title": "las porciones aceptan solo valores numéricos positivos",
                  "fullTitle": "08 — Validación de Formularios Modal 'Añadir Receta' las porciones aceptan solo valores numéricos positivos",
                  "timedOut": false,
                  "duration": 0,
                  "state": null,
                  "speed": null,
                  "pass": false,
                  "fail": false,
                  "pending": false,
                  "context": null,
                  "code": "const el = await recipeModal.find(recipeModal.porcionesInput);\nconst type = await el.getAttribute(\"type\");\nconst min = await el.getAttribute(\"min\");\nexpect(type).to.equal(\"number\");\nexpect(parseInt(min)).to.be.at.least(1);",
                  "err": {},
                  "uuid": "e3258385-57eb-4e69-b130-b8e613094d3f",
                  "parentUUID": null,
                  "isHook": false,
                  "skipped": true
                },
                {
                  "title": "el select de tipo de comida contiene las opciones esperadas",
                  "fullTitle": "08 — Validación de Formularios Modal 'Añadir Receta' el select de tipo de comida contiene las opciones esperadas",
                  "timedOut": false,
                  "duration": 0,
                  "state": null,
                  "speed": null,
                  "pass": false,
                  "fail": false,
                  "pending": false,
                  "context": null,
                  "code": "const select = await recipeModal.find(recipeModal.tipoComidaSelect);\nconst options = await select.findElements(By.css(\"option\"));\nconst texts = await Promise.all(options.map((o) => o.getText()));\nexpect(texts).to.include(\"Desayuno\");\nexpect(texts).to.include(\"Almuerzo\");\nexpect(texts).to.include(\"Cena\");\nexpect(texts).to.include(\"Snack\");",
                  "err": {},
                  "uuid": "521bdf17-65f9-43da-a9de-5a24781da7f4",
                  "parentUUID": null,
                  "isHook": false,
                  "skipped": true
                },
                {
                  "title": "el botón 'Guardar Receta' está deshabilitado durante el envío",
                  "fullTitle": "08 — Validación de Formularios Modal 'Añadir Receta' el botón 'Guardar Receta' está deshabilitado durante el envío",
                  "timedOut": false,
                  "duration": 0,
                  "state": null,
                  "speed": null,
                  "pass": false,
                  "fail": false,
                  "pending": false,
                  "context": null,
                  "code": "// Llenar datos válidos para poder enviar\nawait recipeModal.fillWithValidData();\nawait recipeModal.submit();\n// Inmediatamente después del submit, el botón debería estar en estado \"Guardando...\"\n// (puede ser difícil de capturar — lo verificamos como tolerante)\nawait recipeModal.waitForClose();\nexpect(await recipeModal.isOpen()).to.be.false;",
                  "err": {},
                  "uuid": "dbf206c2-98a9-44dd-900c-f5632533a8c5",
                  "parentUUID": null,
                  "isHook": false,
                  "skipped": true
                }
              ],
              "suites": [],
              "passes": [],
              "failures": [],
              "pending": [],
              "skipped": [
                "571c54f4-955d-4566-bbd3-20f1707fee16",
                "4e6b7e7a-ec1f-47ee-8017-5c4a35518f4e",
                "e37dff0b-e86e-4b53-b82b-738e07cdac46",
                "14c9f691-a970-405f-9d79-40cc08907849",
                "e3258385-57eb-4e69-b130-b8e613094d3f",
                "521bdf17-65f9-43da-a9de-5a24781da7f4",
                "dbf206c2-98a9-44dd-900c-f5632533a8c5"
              ],
              "duration": 0,
              "root": false,
              "rootEmpty": false,
              "_timeout": 30000
            },
            {
              "uuid": "547bb0a4-19e7-444b-ac20-14f075b7026a",
              "title": "Modal 'Agregar Contenido'",
              "fullFile": "C:\\Users\\carot\\Documents\\Project-Semestre-7\\Desarrollo-Proyecto-Buenos-habitos-Alimenticios\\e2e\\tests\\08_form_validation.test.js",
              "file": "\\tests\\08_form_validation.test.js",
              "beforeHooks": [
                {
                  "title": "\"before all\" hook",
                  "fullTitle": "08 — Validación de Formularios Modal 'Agregar Contenido' \"before all\" hook",
                  "timedOut": false,
                  "duration": 0,
                  "state": null,
                  "speed": null,
                  "pass": false,
                  "fail": false,
                  "pending": false,
                  "context": null,
                  "code": "await nav.goToAlerts();\nawait alerts.waitForPageLoad();",
                  "err": {},
                  "uuid": "e8a92359-097a-4964-ac41-53a81cfdf449",
                  "parentUUID": null,
                  "isHook": true,
                  "skipped": false
                },
                {
                  "title": "\"before each\" hook",
                  "fullTitle": "08 — Validación de Formularios Modal 'Agregar Contenido' \"before each\" hook",
                  "timedOut": false,
                  "duration": 0,
                  "state": null,
                  "speed": null,
                  "pass": false,
                  "fail": false,
                  "pending": false,
                  "context": null,
                  "code": "if (!(await contentModal.isOpen())) {\n  await alerts.openAddContentModal();\n}",
                  "err": {},
                  "uuid": "958cf253-bc72-4920-ab73-f12a429d0a24",
                  "parentUUID": null,
                  "isHook": true,
                  "skipped": false
                }
              ],
              "afterHooks": [],
              "tests": [
                {
                  "title": "el campo título es obligatorio en la pestaña Video",
                  "fullTitle": "08 — Validación de Formularios Modal 'Agregar Contenido' el campo título es obligatorio en la pestaña Video",
                  "timedOut": false,
                  "duration": 0,
                  "state": null,
                  "speed": null,
                  "pass": false,
                  "fail": false,
                  "pending": false,
                  "context": null,
                  "code": "const tituloEl = await contentModal.find(contentModal.tituloInput);\nconst required = await tituloEl.getAttribute(\"required\");\nexpect(required).to.not.be.null;",
                  "err": {},
                  "uuid": "3244c910-5e51-47a4-82b2-a882bb7b0ff9",
                  "parentUUID": null,
                  "isHook": false,
                  "skipped": true
                },
                {
                  "title": "el campo autor es obligatorio en la pestaña Video",
                  "fullTitle": "08 — Validación de Formularios Modal 'Agregar Contenido' el campo autor es obligatorio en la pestaña Video",
                  "timedOut": false,
                  "duration": 0,
                  "state": null,
                  "speed": null,
                  "pass": false,
                  "fail": false,
                  "pending": false,
                  "context": null,
                  "code": "const autorEl = await contentModal.find(contentModal.autorInput);\nconst required = await autorEl.getAttribute(\"required\");\nexpect(required).to.not.be.null;",
                  "err": {},
                  "uuid": "2123d9a5-b2b0-45f7-9558-44a2a4d1353e",
                  "parentUUID": null,
                  "isHook": false,
                  "skipped": true
                },
                {
                  "title": "el campo URL de YouTube tiene placeholder con formato correcto",
                  "fullTitle": "08 — Validación de Formularios Modal 'Agregar Contenido' el campo URL de YouTube tiene placeholder con formato correcto",
                  "timedOut": false,
                  "duration": 0,
                  "state": null,
                  "speed": null,
                  "pass": false,
                  "fail": false,
                  "pending": false,
                  "context": null,
                  "code": "const el = await contentModal.find(contentModal.youtubeUrlInput);\nconst placeholder = await el.getAttribute(\"placeholder\");\nexpect(placeholder).to.include(\"youtube.com/embed\");",
                  "err": {},
                  "uuid": "9393ffe3-966f-4a71-a3e1-789b68942eb3",
                  "parentUUID": null,
                  "isHook": false,
                  "skipped": true
                },
                {
                  "title": "el select de tipo de autor tiene las opciones Nutricionista y Pediatra",
                  "fullTitle": "08 — Validación de Formularios Modal 'Agregar Contenido' el select de tipo de autor tiene las opciones Nutricionista y Pediatra",
                  "timedOut": false,
                  "duration": 0,
                  "state": null,
                  "speed": null,
                  "pass": false,
                  "fail": false,
                  "pending": false,
                  "context": null,
                  "code": "const select = await contentModal.find(contentModal.tipoAutorSelect);\nconst options = await select.findElements(By.css(\"option\"));\nconst texts = await Promise.all(options.map((o) => o.getText()));\nexpect(texts).to.include(\"Nutricionista\");\nexpect(texts).to.include(\"Pediatra\");",
                  "err": {},
                  "uuid": "c36760d4-c70b-4c77-9b7d-c37dd5f3a5e7",
                  "parentUUID": null,
                  "isHook": false,
                  "skipped": true
                },
                {
                  "title": "cambiando a pestaña Artículo, el campo de contenido es obligatorio",
                  "fullTitle": "08 — Validación de Formularios Modal 'Agregar Contenido' cambiando a pestaña Artículo, el campo de contenido es obligatorio",
                  "timedOut": false,
                  "duration": 0,
                  "state": null,
                  "speed": null,
                  "pass": false,
                  "fail": false,
                  "pending": false,
                  "context": null,
                  "code": "await contentModal.switchToArticulo();\nconst contenidoEl = await contentModal.find(contentModal.contenidoTextarea);\nconst required = await contenidoEl.getAttribute(\"required\");\nexpect(required).to.not.be.null;",
                  "err": {},
                  "uuid": "45d9118e-d40d-481f-86d9-a9df332e75f2",
                  "parentUUID": null,
                  "isHook": false,
                  "skipped": true
                }
              ],
              "suites": [],
              "passes": [],
              "failures": [],
              "pending": [],
              "skipped": [
                "3244c910-5e51-47a4-82b2-a882bb7b0ff9",
                "2123d9a5-b2b0-45f7-9558-44a2a4d1353e",
                "9393ffe3-966f-4a71-a3e1-789b68942eb3",
                "c36760d4-c70b-4c77-9b7d-c37dd5f3a5e7",
                "45d9118e-d40d-481f-86d9-a9df332e75f2"
              ],
              "duration": 0,
              "root": false,
              "rootEmpty": false,
              "_timeout": 30000
            }
          ],
          "passes": [],
          "failures": [],
          "pending": [],
          "skipped": [],
          "duration": 0,
          "root": false,
          "rootEmpty": false,
          "_timeout": 30000
        }
      ],
      "passes": [],
      "failures": [],
      "pending": [],
      "skipped": [],
      "duration": 0,
      "root": true,
      "rootEmpty": true,
      "_timeout": 30000
    }
  ],
  "meta": {
    "mocha": {
      "version": "10.8.2"
    },
    "mochawesome": {
      "options": {
        "quiet": false,
        "reportFilename": "mochawesome",
        "saveHtml": true,
        "saveJson": true,
        "consoleReporter": "spec",
        "useInlineDiffs": false,
        "code": true
      },
      "version": "7.1.4"
    },
    "marge": {
      "options": {
        "[object Object]": true
      },
      "version": "6.3.2"
    }
  }
}